This is pdfTeX, Version 3.141592653-2.6-1.40.28 (MiKTeX 25.12) (preloaded format=pdflatex 2026.6.30)  1 JUL 2026 12:17
entering extended mode
 restricted \write18 enabled.
 file:line:error style messages enabled.
 %&-line parsing enabled.
**"c:/Users/argau/Documents/Paper Mantab/IEEE-conference-template-062824.tex"
(c:/Users/argau/Documents/Paper Mantab/IEEE-conference-template-062824.tex
LaTeX2e <2025-11-01>
L3 programming layer <2025-12-24>
(IEEEtran.cls
Document Class: IEEEtran 2015/08/26 V1.8b by Michael Shell
-- See the "IEEEtran_HOWTO" manual for usage information.
-- http://www.michaelshell.org/tex/ieeetran/
\@IEEEtrantmpdimenA=\dimen148
\@IEEEtrantmpdimenB=\dimen149
\@IEEEtrantmpdimenC=\dimen150
\@IEEEtrantmpcountA=\count275
\@IEEEtrantmpcountB=\count276
\@IEEEtrantmpcountC=\count277
\@IEEEtrantmptoksA=\toks17
LaTeX Font Info:    Trying to load font information for OT1+ptm on input line 503.
(C:\Users\argau\AppData\Local\Programs\MiKTeX\tex/latex/psnfss\ot1ptm.fd
File: ot1ptm.fd 2001/06/04 font definitions for OT1/ptm.
)
-- Using 8.5in x 11in (letter) paper.
-- Using PDF output.
\@IEEEnormalsizeunitybaselineskip=\dimen151
-- This is a 10 point document.
LaTeX Encoding Info:    Redeclaring text command \textunderscore (encoding ?) on input line 937.
\CLASSINFOnormalsizebaselineskip=\dimen152
\CLASSINFOnormalsizeunitybaselineskip=\dimen153
\IEEEnormaljot=\dimen154
LaTeX Font Info:    Font shape `OT1/ptm/bx/n' in size <5> not available
(Font)              Font shape `OT1/ptm/b/n' tried instead on input line 1090.
LaTeX Font Info:    Font shape `OT1/ptm/bx/it' in size <5> not available
(Font)              Font shape `OT1/ptm/b/it' tried instead on input line 1090.
LaTeX Font Info:    Font shape `OT1/ptm/bx/n' in size <7> not available
(Font)              Font shape `OT1/ptm/b/n' tried instead on input line 1090.
LaTeX Font Info:    Font shape `OT1/ptm/bx/it' in size <7> not available
(Font)              Font shape `OT1/ptm/b/it' tried instead on input line 1090.
LaTeX Font Info:    Font shape `OT1/ptm/bx/n' in size <8> not available
(Font)              Font shape `OT1/ptm/b/n' tried instead on input line 1090.
LaTeX Font Info:    Font shape `OT1/ptm/bx/it' in size <8> not available
(Font)              Font shape `OT1/ptm/b/it' tried instead on input line 1090.
LaTeX Font Info:    Font shape `OT1/ptm/bx/n' in size <9> not available
(Font)              Font shape `OT1/ptm/b/n' tried instead on input line 1090.
LaTeX Font Info:    Font shape `OT1/ptm/bx/it' in size <9> not available
(Font)              Font shape `OT1/ptm/b/it' tried instead on input line 1090.
LaTeX Font Info:    Font shape `OT1/ptm/bx/n' in size <10> not available
(Font)              Font shape `OT1/ptm/b/n' tried instead on input line 1090.
LaTeX Font Info:    Font shape `OT1/ptm/bx/it' in size <10> not available
(Font)              Font shape `OT1/ptm/b/it' tried instead on input line 1090.
LaTeX Font Info:    Font shape `OT1/ptm/bx/n' in size <11> not available
(Font)              Font shape `OT1/ptm/b/n' tried instead on input line 1090.
LaTeX Font Info:    Font shape `OT1/ptm/bx/it' in size <11> not available
(Font)              Font shape `OT1/ptm/b/it' tried instead on input line 1090.
LaTeX Font Info:    Font shape `OT1/ptm/bx/n' in size <12> not available
(Font)              Font shape `OT1/ptm/b/n' tried instead on input line 1090.
LaTeX Font Info:    Font shape `OT1/ptm/bx/it' in size <12> not available
(Font)              Font shape `OT1/ptm/b/it' tried instead on input line 1090.
LaTeX Font Info:    Font shape `OT1/ptm/bx/n' in size <17> not available
(Font)              Font shape `OT1/ptm/b/n' tried instead on input line 1090.
LaTeX Font Info:    Font shape `OT1/ptm/bx/it' in size <17> not available
(Font)              Font shape `OT1/ptm/b/it' tried instead on input line 1090.
LaTeX Font Info:    Font shape `OT1/ptm/bx/n' in size <20> not available
(Font)              Font shape `OT1/ptm/b/n' tried instead on input line 1090.
LaTeX Font Info:    Font shape `OT1/ptm/bx/it' in size <20> not available
(Font)              Font shape `OT1/ptm/b/it' tried instead on input line 1090.
LaTeX Font Info:    Font shape `OT1/ptm/bx/n' in size <24> not available
(Font)              Font shape `OT1/ptm/b/n' tried instead on input line 1090.
LaTeX Font Info:    Font shape `OT1/ptm/bx/it' in size <24> not available
(Font)              Font shape `OT1/ptm/b/it' tried instead on input line 1090.
\IEEEquantizedlength=\dimen155
\IEEEquantizedlengthdiff=\dimen156
\IEEEquantizedtextheightdiff=\dimen157
\IEEEilabelindentA=\dimen158
\IEEEilabelindentB=\dimen159
\IEEEilabelindent=\dimen160
\IEEEelabelindent=\dimen161
\IEEEdlabelindent=\dimen162
\IEEElabelindent=\dimen163
\IEEEiednormlabelsep=\dimen164
\IEEEiedmathlabelsep=\dimen165
\IEEEiedtopsep=\skip49
\c@section=\count278
\c@subsection=\count279
\c@subsubsection=\count280
\c@paragraph=\count281
\c@IEEEsubequation=\count282
\abovecaptionskip=\skip50
\belowcaptionskip=\skip51
\c@figure=\count283
\c@table=\count284
\@IEEEeqnnumcols=\count285
\@IEEEeqncolcnt=\count286
\@IEEEsubeqnnumrollback=\count287
\@IEEEquantizeheightA=\dimen166
\@IEEEquantizeheightB=\dimen167
\@IEEEquantizeheightC=\dimen168
\@IEEEquantizeprevdepth=\dimen169
\@IEEEquantizemultiple=\count288
\@IEEEquantizeboxA=\box53
\@IEEEtmpitemindent=\dimen170
\IEEEPARstartletwidth=\dimen171
\c@IEEEbiography=\count289
\@IEEEtranrubishbin=\box54
)
** ATTENTION: Overriding command lockouts (line 2).
(C:\Users\argau\AppData\Local\Programs\MiKTeX\tex/latex/cite\cite.sty
LaTeX Info: Redefining \cite on input line 302.
LaTeX Info: Redefining \nocite on input line 332.
Package: cite 2015/02/27  v 5.5
) (C:\Users\argau\AppData\Local\Programs\MiKTeX\tex/latex/amsmath\amsmath.sty
Package: amsmath 2025/07/09 v2.17z AMS math features
\@mathmargin=\skip52

For additional information on amsmath, use the `?' option.
(C:\Users\argau\AppData\Local\Programs\MiKTeX\tex/latex/amsmath\amstext.sty
Package: amstext 2024/11/17 v2.01 AMS text
 (C:\Users\argau\AppData\Local\Programs\MiKTeX\tex/latex/amsmath\amsgen.sty
File: amsgen.sty 1999/11/30 v2.0 generic functions
\@emptytoks=\toks18
\ex@=\dimen172
)) (C:\Users\argau\AppData\Local\Programs\MiKTeX\tex/latex/amsmath\amsbsy.sty
Package: amsbsy 1999/11/29 v1.2d Bold Symbols
\pmbraise@=\dimen173
) (C:\Users\argau\AppData\Local\Programs\MiKTeX\tex/latex/amsmath\amsopn.sty
Package: amsopn 2022/04/08 v2.04 operator names
)
\inf@bad=\count290
LaTeX Info: Redefining \frac on input line 233.
\uproot@=\count291
\leftroot@=\count292
LaTeX Info: Redefining \overline on input line 398.
LaTeX Info: Redefining \colon on input line 409.
\classnum@=\count293
\DOTSCASE@=\count294
LaTeX Info: Redefining \ldots on input line 495.
LaTeX Info: Redefining \dots on input line 498.
LaTeX Info: Redefining \cdots on input line 619.
\Mathstrutbox@=\box55
\strutbox@=\box56
LaTeX Info: Redefining \big on input line 721.
LaTeX Info: Redefining \Big on input line 722.
LaTeX Info: Redefining \bigg on input line 723.
LaTeX Info: Redefining \Bigg on input line 724.
\big@size=\dimen174
LaTeX Font Info:    Redeclaring font encoding OML on input line 742.
LaTeX Font Info:    Redeclaring font encoding OMS on input line 743.
\macc@depth=\count295
LaTeX Info: Redefining \bmod on input line 904.
LaTeX Info: Redefining \pmod on input line 909.
LaTeX Info: Redefining \smash on input line 939.
LaTeX Info: Redefining \relbar on input line 969.
LaTeX Info: Redefining \Relbar on input line 970.
\c@MaxMatrixCols=\count296
\dotsspace@=\muskip17
\c@parentequation=\count297
\dspbrk@lvl=\count298
\tag@help=\toks19
\row@=\count299
\column@=\count300
\maxfields@=\count301
\andhelp@=\toks20
\eqnshift@=\dimen175
\alignsep@=\dimen176
\tagshift@=\dimen177
\tagwidth@=\dimen178
\totwidth@=\dimen179
\lineht@=\dimen180
\@envbody=\toks21
\multlinegap=\skip53
\multlinetaggap=\skip54
\mathdisplay@stack=\toks22
LaTeX Info: Redefining \[ on input line 2950.
LaTeX Info: Redefining \] on input line 2951.
) (C:\Users\argau\AppData\Local\Programs\MiKTeX\tex/latex/amsfonts\amssymb.sty
Package: amssymb 2013/01/14 v3.01 AMS font symbols
 (C:\Users\argau\AppData\Local\Programs\MiKTeX\tex/latex/amsfonts\amsfonts.sty
Package: amsfonts 2013/01/14 v3.01 Basic AMSFonts support
\symAMSa=\mathgroup4
\symAMSb=\mathgroup5
LaTeX Font Info:    Redeclaring math symbol \hbar on input line 98.
LaTeX Font Info:    Overwriting math alphabet `\mathfrak' in version `bold'
(Font)                  U/euf/m/n --> U/euf/b/n on input line 106.
)) (C:\Users\argau\AppData\Local\Programs\MiKTeX\tex/latex/algorithms\algorithmic.sty
Package: algorithmic 2009/08/24 v0.1 Document Style `algorithmic'
 (C:\Users\argau\AppData\Local\Programs\MiKTeX\tex/latex/base\ifthen.sty
Package: ifthen 2024/03/16 v1.1e Standard LaTeX ifthen package (DPC)
) (C:\Users\argau\AppData\Local\Programs\MiKTeX\tex/latex/graphics\keyval.sty
Package: keyval 2022/05/29 v1.15 key=value parser (DPC)
\KV@toks@=\toks23
)
\c@ALC@unique=\count302
\c@ALC@line=\count303
\c@ALC@rem=\count304
\c@ALC@depth=\count305
\ALC@tlm=\skip55
\algorithmicindent=\skip56
) (C:\Users\argau\AppData\Local\Programs\MiKTeX\tex/latex/graphics\graphicx.sty
Package: graphicx 2024/12/31 v1.2e Enhanced LaTeX Graphics (DPC,SPQR)
 (C:\Users\argau\AppData\Local\Programs\MiKTeX\tex/latex/graphics\graphics.sty
Package: graphics 2024/08/06 v1.4g Standard LaTeX Graphics (DPC,SPQR)
 (C:\Users\argau\AppData\Local\Programs\MiKTeX\tex/latex/graphics\trig.sty
Package: trig 2023/12/02 v1.11 sin cos tan (DPC)
) (C:\Users\argau\AppData\Local\Programs\MiKTeX\tex/latex/graphics-cfg\graphics.cfg
File: graphics.cfg 2016/06/04 v1.11 sample graphics configuration
)
Package graphics Info: Driver file: pdftex.def on input line 106.
 (C:\Users\argau\AppData\Local\Programs\MiKTeX\tex/latex/graphics-def\pdftex.def
File: pdftex.def 2025/09/29 v1.2d Graphics/color driver for pdftex
))
\Gin@req@height=\dimen181
\Gin@req@width=\dimen182
) (C:\Users\argau\AppData\Local\Programs\MiKTeX\tex/latex/base\textcomp.sty
Package: textcomp 2024/04/24 v2.1b Standard LaTeX package
) (C:\Users\argau\AppData\Local\Programs\MiKTeX\tex/latex/xcolor\xcolor.sty
Package: xcolor 2024/09/29 v3.02 LaTeX color extensions (UK)
 (C:\Users\argau\AppData\Local\Programs\MiKTeX\tex/latex/graphics-cfg\color.cfg
File: color.cfg 2016/01/02 v1.6 sample color configuration
)
Package xcolor Info: Driver file: pdftex.def on input line 274.
 (C:\Users\argau\AppData\Local\Programs\MiKTeX\tex/latex/graphics\mathcolor.ltx)
Package xcolor Info: Model `cmy' substituted by `cmy0' on input line 1349.
Package xcolor Info: Model `hsb' substituted by `rgb' on input line 1353.
Package xcolor Info: Model `RGB' extended on input line 1365.
Package xcolor Info: Model `HTML' substituted by `rgb' on input line 1367.
Package xcolor Info: Model `Hsb' substituted by `hsb' on input line 1368.
Package xcolor Info: Model `tHsb' substituted by `hsb' on input line 1369.
Package xcolor Info: Model `HSB' substituted by `hsb' on input line 1370.
Package xcolor Info: Model `Gray' substituted by `gray' on input line 1371.
Package xcolor Info: Model `wave' substituted by `hsb' on input line 1372.
) (C:\Users\argau\AppData\Local\Programs\MiKTeX\tex/latex/l3backend\l3backend-pdftex.def
File: l3backend-pdftex.def 2025-10-09 L3 backend support: PDF output (pdfTeX)
\l__color_backend_stack_int=\count306
) (IEEE-conference-template-062824.aux

LaTeX Warning: Label `fig:placeholder' multiply defined.


LaTeX Warning: Label `fig:placeholder' multiply defined.


LaTeX Warning: Label `fig:placeholder' multiply defined.


LaTeX Warning: Label `fig:placeholder' multiply defined.


LaTeX Warning: Label `fig:placeholder' multiply defined.


LaTeX Warning: Label `fig:placeholder' multiply defined.


LaTeX Warning: Label `fig:placeholder' multiply defined.


LaTeX Warning: Label `fig:placeholder' multiply defined.

)
\openout1 = `IEEE-conference-template-062824.aux'.

LaTeX Font Info:    Checking defaults for OML/cmm/m/it on input line 14.
LaTeX Font Info:    ... okay on input line 14.
LaTeX Font Info:    Checking defaults for OMS/cmsy/m/n on input line 14.
LaTeX Font Info:    ... okay on input line 14.
LaTeX Font Info:    Checking defaults for OT1/cmr/m/n on input line 14.
LaTeX Font Info:    ... okay on input line 14.
LaTeX Font Info:    Checking defaults for T1/cmr/m/n on input line 14.
LaTeX Font Info:    ... okay on input line 14.
LaTeX Font Info:    Checking defaults for TS1/cmr/m/n on input line 14.
LaTeX Font Info:    ... okay on input line 14.
LaTeX Font Info:    Checking defaults for OMX/cmex/m/n on input line 14.
LaTeX Font Info:    ... okay on input line 14.
LaTeX Font Info:    Checking defaults for U/cmr/m/n on input line 14.
LaTeX Font Info:    ... okay on input line 14.

-- Lines per column: 56 (exact).
(C:\Users\argau\AppData\Local\Programs\MiKTeX\tex/context/base/mkii\supp-pdf.mkii
[Loading MPS to PDF converter (version 2006.09.02).]
\scratchcounter=\count307
\scratchdimen=\dimen183
\scratchbox=\box57
\nofMPsegments=\count308
\nofMParguments=\count309
\everyMPshowfont=\toks24
\MPscratchCnt=\count310
\MPscratchDim=\dimen184
\MPnumerator=\count311
\makeMPintoPDFobject=\count312
\everyMPtoPDFconversion=\toks25
) (C:\Users\argau\AppData\Local\Programs\MiKTeX\tex/latex/epstopdf-pkg\epstopdf-base.sty
Package: epstopdf-base 2020-01-24 v2.11 Base part for package epstopdf
Package epstopdf-base Info: Redefining graphics rule for `.eps' on input line 485.
 (C:\Users\argau\AppData\Local\Programs\MiKTeX\tex/latex/00miktex\epstopdf-sys.cfg
File: epstopdf-sys.cfg 2021/03/18 v2.0 Configuration of epstopdf for MiKTeX
))
LaTeX Font Info:    Trying to load font information for U+msa on input line 59.
 (C:\Users\argau\AppData\Local\Programs\MiKTeX\tex/latex/amsfonts\umsa.fd
File: umsa.fd 2013/01/14 v3.01 AMS symbols A
)
LaTeX Font Info:    Trying to load font information for U+msb on input line 59.
 (C:\Users\argau\AppData\Local\Programs\MiKTeX\tex/latex/amsfonts\umsb.fd
File: umsb.fd 2013/01/14 v3.01 AMS symbols B
)
Underfull \hbox (badness 10000) in paragraph at lines 79--80

 []

[1{C:/Users/argau/AppData/Local/MiKTeX/fonts/map/pdftex/pdftex.map}{C:/Users/argau/AppData/Local/Programs/MiKTeX/fonts/enc/dvips/base/8r.enc}


]
Underfull \hbox (badness 10000) in paragraph at lines 84--85

 []


Underfull \hbox (badness 3428) in paragraph at lines 89--90
[]\OT1/ptm/m/n/10 In prac-tice, how-ever, fail-ures do oc-cur. When they
 []


Underfull \hbox (badness 1622) in paragraph at lines 89--90
\OT1/ptm/m/n/10 to ex-pe-ri-enced op-er-a-tors who rely on trial-and-error or
 []


Underfull \hbox (badness 10000) in paragraph at lines 89--90

 []


Underfull \hbox (badness 8189) in paragraph at lines 103--107
\OT1/ptm/m/n/10 in-te-grat-ing watch-dog mon-i-tor-ing and machine-readable
 []


Underfull \hbox (badness 10000) in paragraph at lines 103--107

 []

[2]
<Fig 1.png, id=12, 339.05394pt x 499.62953pt>
File: Fig 1.png Graphic file (type png)
<use Fig 1.png>
Package pdftex.def Info: Fig 1.png  used on input line 121.
(pdftex.def)             Requested size: 176.39923pt x 259.94608pt.

Underfull \hbox (badness 3503) in paragraph at lines 116--126
\OT1/ptm/m/n/10 be-haviour, and au-to-mated re-cov-ery in open-source 5G
 []


Underfull \hbox (badness 1527) in paragraph at lines 116--126
\OT1/ptm/m/n/10 any de-pen-dency on phys-i-cal ra-dio hard-ware. In-ter-ac-tion
 []


Underfull \hbox (badness 10000) in paragraph at lines 116--126

 []


Underfull \hbox (badness 10000) in paragraph at lines 137--138

 []

[3 <./Fig 1.png>]
Underfull \hbox (badness 10000) in paragraph at lines 151--152

 []

<Fig 2.png, id=18, 813.0375pt x 1016.3571pt>
File: Fig 2.png Graphic file (type png)
<use Fig 2.png>
Package pdftex.def Info: Fig 2.png  used on input line 162.
(pdftex.def)             Requested size: 201.60077pt x 252.01053pt.

Underfull \hbox (badness 1406) in paragraph at lines 171--172
[]\OT1/ptm/m/n/10 Algorithm 1. Evidence-Driven Fault Clas-si-fi-ca-tion and
 []


Underfull \hbox (badness 10000) in paragraph at lines 171--172

 []


Underfull \hbox (badness 10000) in paragraph at lines 171--172

 []


Underfull \hbox (badness 1540) in paragraph at lines 175--176
\OT1/ptm/m/n/10 sta-tus, ping re-sults); whether the minimal-first ap-proach
 []


Underfull \hbox (badness 10000) in paragraph at lines 175--176

 []


Underfull \hbox (badness 10000) in paragraph at lines 181--182
\OT1/ptm/m/n/10 con-tain-ers vi a docker-compose-basic-nrf.yaml. The
 []


Underfull \hbox (badness 1997) in paragraph at lines 181--182
\OT1/ptm/m/n/10 gNB and UE run di-rectly on the RAN node with-out
 []


Underfull \hbox (badness 4872) in paragraph at lines 181--182
\OT1/ptm/m/n/10 bi-na-ries in -rfsim mode. The gNB con-fig-u-ra-tion file
 []


Underfull \hbox (badness 10000) in paragraph at lines 181--182
\OT1/ptm/m/n/10 (con-fig-pasti.conf) sets amf[]ip[]address to 172.20.0.110.
 []


Underfull \hbox (badness 10000) in paragraph at lines 181--182
\OT1/ptm/m/n/10 GNB[]IPV4[]ADDRESS[]FOR[]NG[]AMF to 172.20.0.101,
 []


Underfull \hbox (badness 1418) in paragraph at lines 185--186
\OT1/ptm/m/n/10 as healthy only when all four con-di-tion hold to-gether:
 []


Underfull \hbox (badness 10000) in paragraph at lines 185--186

 []

[4 <./Fig 2.png (PNG copy)>]
<Fig 3.png, id=22, 844.2757pt x 844.2757pt>
File: Fig 3.png Graphic file (type png)
<use Fig 3.png>
Package pdftex.def Info: Fig 3.png  used on input line 195.
(pdftex.def)             Requested size: 126.0pt x 125.99176pt.

Underfull \hbox (badness 1430) in paragraph at lines 200--201
[]\OT1/ptm/m/n/10 Both meth-ods are wrapped as shell scripts that take
 []


Underfull \hbox (badness 1466) in paragraph at lines 210--211
\OT1/ptm/m/n/10 NEL[]INTERRUPTION by con-firm-ing the in-ter-face state
 []


Underfull \hbox (badness 3977) in paragraph at lines 210--211
\OT1/ptm/m/n/10 is DOWN; UE[]CRASH by con-firm-ing 'pgrep -x nr-
 []


Underfull \hbox (badness 1629) in paragraph at lines 210--211
\OT1/ptm/m/n/10 uesoftmodem' re-turns noth-ing; UPF[]PATH[]FAILURE by
 []

[5 <./Fig 3.png (PNG copy)>]

LaTeX Warning: Reference `rq:sign' on page 6 undefined on input line 272.

<Fig 4.jpeg, id=28, 1341.01pt x 1130.2225pt>
File: Fig 4.jpeg Graphic file (type jpg)
<use Fig 4.jpeg>
Package pdftex.def Info: Fig 4.jpeg  used on input line 284.
(pdftex.def)             Requested size: 126.0pt x 106.1823pt.

Underfull \hbox (badness 10000) in paragraph at lines 289--290
[][] \OT1/ptm/m/n/10 and [] are both
 []


Underfull \hbox (badness 10000) in paragraph at lines 289--290
\OT1/ptm/m/n/10 clas-si-fied with per-fect ac-cu-racy (100% each).
 []


Underfull \hbox (badness 10000) in paragraph at lines 289--290
[] \OT1/ptm/m/n/10 is partly mis-taken for
 []


Underfull \hbox (badness 10000) in paragraph at lines 289--290
[] \OT1/ptm/m/n/10 (33.3%), and []proves
 []


Underfull \hbox (badness 3514) in paragraph at lines 289--290
\OT1/ptm/m/n/10 the hard-est case, with all in-stances be-ing la-beled as
 []


Underfull \hbox (badness 2922) in paragraph at lines 292--294
\OT1/ptm/m/n/10 matches or ex-ceeds the suc-cess rate of M[]blind and
 []

<Fig 5.jpeg, id=29, 1606.0pt x 665.48625pt>
File: Fig 5.jpeg Graphic file (type jpg)
<use Fig 5.jpeg>
Package pdftex.def Info: Fig 5.jpeg  used on input line 297.
(pdftex.def)             Requested size: 126.0pt x 52.20422pt.
[6 <./Fig 4.jpeg> <./Fig 5.jpeg>]
<Fig 6.jpeg, id=38, 1606.0pt x 778.91pt>
File: Fig 6.jpeg Graphic file (type jpg)
<use Fig 6.jpeg>
Package pdftex.def Info: Fig 6.jpeg  used on input line 309.
(pdftex.def)             Requested size: 126.0pt x 61.10178pt.

Underfull \hbox (badness 10000) in paragraph at lines 314--315
[]\OT1/ptm/m/n/10 M[]minimal fin-ishes re-cov-ery faster across
 []


Underfull \hbox (badness 10000) in paragraph at lines 314--315
\OT1/ptm/m/n/10 ev-ery fault cat-e-gory. For UE[]ROUTE[]LEAK and
 []


Underfull \hbox (badness 4927) in paragraph at lines 314--315
\OT1/ptm/m/n/10 against 67-75 sec-onds for M[]blind. UE[]CRASH and
 []

<Fig 7.jpeg, id=39, 1606.0pt x 847.165pt>
File: Fig 7.jpeg Graphic file (type jpg)
<use Fig 7.jpeg>
Package pdftex.def Info: Fig 7.jpeg  used on input line 320.
(pdftex.def)             Requested size: 126.0pt x 66.45605pt.
<Fig 8.jpeg, id=40, 1606.0pt x 669.50125pt>
File: Fig 8.jpeg Graphic file (type jpg)
<use Fig 8.jpeg>
Package pdftex.def Info: Fig 8.jpeg  used on input line 332.
(pdftex.def)             Requested size: 126.0pt x 52.51918pt.
<Fig 9.jpeg, id=41, 1342.01375pt x 888.31876pt>
File: Fig 9.jpeg Graphic file (type jpg)
<use Fig 9.jpeg>
Package pdftex.def Info: Fig 9.jpeg  used on input line 344.
(pdftex.def)             Requested size: 126.0pt x 83.40166pt.

Underfull \hbox (badness 1442) in paragraph at lines 355--356
\OT1/ptm/m/n/10 and suc-cess rate are iden-ti-cal in both datasets (n=130,
 []

[7 <./Fig 6.jpeg> <./Fig 7.jpeg> <./Fig 8.jpeg> <./Fig 9.jpeg>]
Underfull \hbox (badness 4779) in paragraph at lines 368--369
\OT1/ptm/m/n/10 auto-recovery frame-work for OAI-based 5G SA/SNPN
 []


Underfull \hbox (badness 2990) in paragraph at lines 368--369
\OT1/ptm/m/n/10 finds that struc-tured health mon-i-tor-ing, com-bined with
 []


Underfull \hbox (badness 2521) in paragraph at lines 368--369
\OT1/ptm/m/n/10 multi-source ev-i-dence col-lec-tion and a pre-de-fined fault
 []


Underfull \hbox (badness 10000) in paragraph at lines 368--369

 []


Underfull \hbox (badness 2970) in paragraph at lines 370--371
[]\OT1/ptm/m/n/10 The evidence-driven fault clas-si-fier reaches an over-
 []


Underfull \hbox (badness 4940) in paragraph at lines 370--371
\OT1/ptm/m/n/10 all (micro-weighted) ac-cu-racy of 87.5% on a heald-
 []


Underfull \hbox (badness 1584) in paragraph at lines 370--371
\OT1/ptm/m/n/10 mary am-bi-gu-ity is the mis-clas-si-fi-ca-tion of both tunnel-
 []


Underfull \hbox (badness 10000) in paragraph at lines 374--375
[]\OT1/ptm/m/n/10 Evidence-driven, minimal-first re-cov-ery thus of-fers
 []


Underfull \hbox (badness 10000) in paragraph at lines 374--375
\OT1/ptm/m/n/10 a con-crete and re-pro-ducible al-ter-na-tive to ad-hoc
 []


Underfull \hbox (badness 10000) in paragraph at lines 374--375

 []

[8]

** Conference Paper **
Before submitting the final camera ready copy, remember to:

 1. Manually equalize the lengths of two columns on the last page
 of your paper;

 2. Ensure that any PostScript and/or PDF output post-processing
 uses only Type 1 fonts and that every step in the generation
 process uses the appropriate paper size.

[9

] (IEEE-conference-template-062824.aux)
 ***********
LaTeX2e <2025-11-01>
L3 programming layer <2025-12-24>
 ***********


LaTeX Warning: There were undefined references.


LaTeX Warning: There were multiply-defined labels.

 ) 
Here is how much of TeX's memory you used:
 4264 strings out of 467871
 67429 string characters out of 5418376
 489102 words of memory out of 5000000
 33107 multiletter control sequences out of 15000+600000
 665657 words of font info for 112 fonts, out of 8000000 for 9000
 1141 hyphenation exceptions out of 8191
 57i,8n,65p,1157b,298s stack positions out of 10000i,1000n,20000p,200000b,200000s
<C:/Users/argau/AppData/Local/Programs/MiKTeX/fonts/type1/public/amsfonts/cm/cmex10.pfb><C:/Users/argau/AppData/Local/Programs/MiKTeX/fonts/type1/public/amsfonts/cm/cmmi10.pfb><C:/Users/argau/AppData/Local/Programs/MiKTeX/fonts/type1/public/amsfonts/cm/cmmi7.pfb><C:/Users/argau/AppData/Local/Programs/MiKTeX/fonts/type1/public/amsfonts/cm/cmr10.pfb><C:/Users/argau/AppData/Local/Programs/MiKTeX/fonts/type1/public/amsfonts/cm/cmr5.pfb><C:/Users/argau/AppData/Local/Programs/MiKTeX/fonts/type1/public/amsfonts/cm/cmr7.pfb><C:/Users/argau/AppData/Local/Programs/MiKTeX/fonts/type1/public/amsfonts/cm/cmsy10.pfb><C:/Users/argau/AppData/Local/Programs/MiKTeX/fonts/type1/urw/times/utmb8a.pfb><C:/Users/argau/AppData/Local/Programs/MiKTeX/fonts/type1/urw/times/utmbi8a.pfb><C:/Users/argau/AppData/Local/Programs/MiKTeX/fonts/type1/urw/times/utmr8a.pfb><C:/Users/argau/AppData/Local/Programs/MiKTeX/fonts/type1/urw/times/utmri8a.pfb>
Output written on IEEE-conference-template-062824.pdf (9 pages, 1999719 bytes).
PDF statistics:
 99 PDF objects out of 1000 (max. 8388607)
 0 named destinations out of 1000 (max. 500000)
 46 words of extra memory for PDF output out of 10000 (max. 10000000)

